This file contains any messages produced by compilers while
running configure, to aid debugging if configure makes a mistake.

It was created by wcfs configure 0.0.1, which was
generated by GNU Autoconf 2.69.  Invocation command line was

  $ /root/Projects/we-0.0.1/wcfs/configure 

## --------- ##
## Platform. ##
## --------- ##

hostname = wing-virtual-machine
uname -m = i686
uname -r = 3.7.1
uname -s = Linux
uname -v = #3 SMP Thu Jun 6 16:06:25 HKT 2013

/usr/bin/uname -p = unknown
/bin/uname -X     = unknown

/bin/arch              = unknown
/usr/bin/arch -k       = unknown
/usr/convex/getsysinfo = unknown
/usr/bin/hostinfo      = unknown
/bin/machine           = unknown
/usr/bin/oslevel       = unknown
/bin/universe          = unknown

PATH: /usr/local/sbin
PATH: /usr/local/bin
PATH: /usr/sbin
PATH: /usr/bin
PATH: /sbin
PATH: /bin
PATH: /usr/games
PATH: /usr/local/games


## ----------- ##
## Core tests. ##
## ----------- ##

configure:2439: checking for a BSD-compatible install
configure:2507: result: /usr/bin/install -c
configure:2518: checking whether build environment is sane
configure:2568: result: yes
configure:2709: checking for a thread-safe mkdir -p
configure:2748: result: /bin/mkdir -p
configure:2761: checking for gawk
configure:2777: found /usr/bin/gawk
configure:2788: result: gawk
configure:2799: checking whether make sets $(MAKE)
configure:2821: result: yes
configure:2904: checking whether to enable maintainer-specific portions of Makefiles
configure:2913: result: no
configure:2983: checking for gcc
configure:2999: found /usr/bin/gcc
configure:3010: result: gcc
configure:3239: checking for C compiler version
configure:3248: gcc --version >&5
gcc (Ubuntu/Linaro 4.7.3-1ubuntu1) 4.7.3
Copyright (C) 2012 Free Software Foundation, Inc.
This is free software; see the source for copying conditions.  There is NO
warranty; not even for MERCHANTABILITY or FITNESS FOR A PARTICULAR PURPOSE.

configure:3259: $? = 0
configure:3248: gcc -v >&5
Using built-in specs.
COLLECT_GCC=gcc
COLLECT_LTO_WRAPPER=/usr/lib/gcc/i686-linux-gnu/4.7/lto-wrapper
Target: i686-linux-gnu
Configured with: ../src/configure -v --with-pkgversion='Ubuntu/Linaro 4.7.3-1ubuntu1' --with-bugurl=file:///usr/share/doc/gcc-4.7/README.Bugs --enable-languages=c,c++,go,fortran,objc,obj-c++ --prefix=/usr --program-suffix=-4.7 --enable-shared --enable-linker-build-id --libexecdir=/usr/lib --without-included-gettext --enable-threads=posix --with-gxx-include-dir=/usr/include/c++/4.7 --libdir=/usr/lib --enable-nls --with-sysroot=/ --enable-clocale=gnu --enable-libstdcxx-debug --enable-libstdcxx-time=yes --enable-gnu-unique-object --enable-plugin --with-system-zlib --enable-objc-gc --enable-targets=all --with-cloog --enable-cloog-backend=ppl --disable-cloog-version-check --disable-ppl-version-check --enable-multiarch --disable-werror --with-arch-32=i686 --with-multilib-list=m32,m64,mx32 --with-tune=generic --enable-checking=release --build=i686-linux-gnu --host=i686-linux-gnu --target=i686-linux-gnu
Thread model: posix
gcc version 4.7.3 (Ubuntu/Linaro 4.7.3-1ubuntu1) 
configure:3259: $? = 0
configure:3248: gcc -V >&5
gcc: error: unrecognized command line option '-V'
gcc: fatal error: no input files
compilation terminated.
configure:3259: $? = 4
configure:3248: gcc -qversion >&5
gcc: error: unrecognized command line option '-qversion'
gcc: fatal error: no input files
compilation terminated.
configure:3259: $? = 4
configure:3279: checking whether the C compiler works
configure:3301: gcc    conftest.c  >&5
configure:3305: $? = 0
configure:3353: result: yes
configure:3356: checking for C compiler default output file name
configure:3358: result: a.out
configure:3364: checking for suffix of executables
configure:3371: gcc -o conftest    conftest.c  >&5
configure:3375: $? = 0
configure:3397: result: 
configure:3419: checking whether we are cross compiling
configure:3427: gcc -o conftest    conftest.c  >&5
configure:3431: $? = 0
configure:3438: ./conftest
configure:3442: $? = 0
configure:3457: result: no
configure:3462: checking for suffix of object files
configure:3484: gcc -c   conftest.c >&5
configure:3488: $? = 0
configure:3509: result: o
configure:3513: checking whether we are using the GNU C compiler
configure:3532: gcc -c   conftest.c >&5
configure:3532: $? = 0
configure:3541: result: yes
configure:3550: checking whether gcc accepts -g
configure:3570: gcc -c -g  conftest.c >&5
configure:3570: $? = 0
configure:3611: result: yes
configure:3628: checking for gcc option to accept ISO C89
configure:3691: gcc  -c -g -O2  conftest.c >&5
configure:3691: $? = 0
configure:3704: result: none needed
configure:3735: checking for style of include used by make
configure:3763: result: GNU
configure:3789: checking dependency style of gcc
configure:3900: result: gcc3
configure:3916: checking whether gcc and cc understand -c and -o together
configure:3947: gcc -c conftest.c -o conftest2.o >&5
configure:3951: $? = 0
configure:3957: gcc -c conftest.c -o conftest2.o >&5
configure:3961: $? = 0
configure:3972: cc -c conftest.c >&5
configure:3976: $? = 0
configure:3984: cc -c conftest.c -o conftest2.o >&5
configure:3988: $? = 0
configure:3994: cc -c conftest.c -o conftest2.o >&5
configure:3998: $? = 0
configure:4016: result: yes
configure:4099: checking for g++
configure:4115: found /usr/bin/g++
configure:4126: result: g++
configure:4153: checking for C++ compiler version
configure:4162: g++ --version >&5
g++ (Ubuntu/Linaro 4.7.3-1ubuntu1) 4.7.3
Copyright (C) 2012 Free Software Foundation, Inc.
This is free software; see the source for copying conditions.  There is NO
warranty; not even for MERCHANTABILITY or FITNESS FOR A PARTICULAR PURPOSE.

configure:4173: $? = 0
configure:4162: g++ -v >&5
Using built-in specs.
COLLECT_GCC=g++
COLLECT_LTO_WRAPPER=/usr/lib/gcc/i686-linux-gnu/4.7/lto-wrapper
Target: i686-linux-gnu
Configured with: ../src/configure -v --with-pkgversion='Ubuntu/Linaro 4.7.3-1ubuntu1' --with-bugurl=file:///usr/share/doc/gcc-4.7/README.Bugs --enable-languages=c,c++,go,fortran,objc,obj-c++ --prefix=/usr --program-suffix=-4.7 --enable-shared --enable-linker-build-id --libexecdir=/usr/lib --without-included-gettext --enable-threads=posix --with-gxx-include-dir=/usr/include/c++/4.7 --libdir=/usr/lib --enable-nls --with-sysroot=/ --enable-clocale=gnu --enable-libstdcxx-debug --enable-libstdcxx-time=yes --enable-gnu-unique-object --enable-plugin --with-system-zlib --enable-objc-gc --enable-targets=all --with-cloog --enable-cloog-backend=ppl --disable-cloog-version-check --disable-ppl-version-check --enable-multiarch --disable-werror --with-arch-32=i686 --with-multilib-list=m32,m64,mx32 --with-tune=generic --enable-checking=release --build=i686-linux-gnu --host=i686-linux-gnu --target=i686-linux-gnu
Thread model: posix
gcc version 4.7.3 (Ubuntu/Linaro 4.7.3-1ubuntu1) 
configure:4173: $? = 0
configure:4162: g++ -V >&5
g++: error: unrecognized command line option '-V'
g++: fatal error: no input files
compilation terminated.
configure:4173: $? = 4
configure:4162: g++ -qversion >&5
g++: error: unrecognized command line option '-qversion'
g++: fatal error: no input files
compilation terminated.
configure:4173: $? = 4
configure:4177: checking whether we are using the GNU C++ compiler
configure:4196: g++ -c   conftest.cpp >&5
configure:4196: $? = 0
configure:4205: result: yes
configure:4214: checking whether g++ accepts -g
configure:4234: g++ -c -g  conftest.cpp >&5
configure:4234: $? = 0
configure:4275: result: yes
configure:4300: checking dependency style of g++
configure:4411: result: gcc3
configure:4427: checking whether ln -s works
configure:4431: result: yes
configure:4469: checking build system type
configure:4483: result: i686-pc-linux-gnu
configure:4503: checking host system type
configure:4516: result: i686-pc-linux-gnu
configure:4557: checking how to print strings
configure:4584: result: printf
configure:4605: checking for a sed that does not truncate output
configure:4669: result: /bin/sed
configure:4687: checking for grep that handles long lines and -e
configure:4745: result: /bin/grep
configure:4750: checking for egrep
configure:4812: result: /bin/grep -E
configure:4817: checking for fgrep
configure:4879: result: /bin/grep -F
configure:4914: checking for ld used by gcc
configure:4981: result: /usr/bin/ld
configure:4988: checking if the linker (/usr/bin/ld) is GNU ld
configure:5003: result: yes
configure:5015: checking for BSD- or MS-compatible name lister (nm)
configure:5064: result: /usr/bin/nm -B
configure:5194: checking the name lister (/usr/bin/nm -B) interface
configure:5201: gcc -c -g -O2  conftest.c >&5
configure:5204: /usr/bin/nm -B "conftest.o"
configure:5207: output
00000000 B some_variable
configure:5214: result: BSD nm
configure:5218: checking the maximum length of command line arguments
configure:5349: result: 1572864
configure:5366: checking whether the shell understands some XSI constructs
configure:5376: result: yes
configure:5380: checking whether the shell understands "+="
configure:5386: result: yes
configure:5421: checking how to convert i686-pc-linux-gnu file names to i686-pc-linux-gnu format
configure:5461: result: func_convert_file_noop
configure:5468: checking how to convert i686-pc-linux-gnu file names to toolchain format
configure:5488: result: func_convert_file_noop
configure:5495: checking for /usr/bin/ld option to reload object files
configure:5502: result: -r
configure:5576: checking for objdump
configure:5592: found /usr/bin/objdump
configure:5603: result: objdump
configure:5635: checking how to recognize dependent libraries
configure:5833: result: pass_all
configure:5918: checking for dlltool
configure:5948: result: no
configure:5978: checking how to associate runtime and link libraries
configure:6005: result: printf %s\n
configure:6066: checking for ar
configure:6082: found /usr/bin/ar
configure:6093: result: ar
configure:6130: checking for archiver @FILE support
configure:6147: gcc -c -g -O2  conftest.c >&5
configure:6147: $? = 0
configure:6150: ar cru libconftest.a @conftest.lst >&5
configure:6153: $? = 0
configure:6158: ar cru libconftest.a @conftest.lst >&5
ar: conftest.o: No such file or directory
configure:6161: $? = 1
configure:6173: result: @
configure:6231: checking for strip
configure:6247: found /usr/bin/strip
configure:6258: result: strip
configure:6330: checking for ranlib
configure:6346: found /usr/bin/ranlib
configure:6357: result: ranlib
configure:6459: checking command to parse /usr/bin/nm -B output from gcc object
configure:6579: gcc -c -g -O2  conftest.c >&5
configure:6582: $? = 0
configure:6586: /usr/bin/nm -B conftest.o \| sed -n -e 's/^.*[ ]\([ABCDGIRSTW][ABCDGIRSTW]*\)[ ][ ]*\([_A-Za-z][_A-Za-z0-9]*\)$/\1 \2 \2/p' | sed '/ __gnu_lto/d' \> conftest.nm
configure:6589: $? = 0
configure:6655: gcc -o conftest -g -O2   conftest.c conftstm.o >&5
configure:6658: $? = 0
configure:6696: result: ok
configure:6733: checking for sysroot
configure:6763: result: no
configure:7026: checking for mt
configure:7042: found /bin/mt
configure:7053: result: mt
configure:7076: checking if mt is a manifest tool
configure:7082: mt '-?'
configure:7090: result: no
configure:7732: checking how to run the C preprocessor
configure:7763: gcc -E  conftest.c
configure:7763: $? = 0
configure:7777: gcc -E  conftest.c
conftest.c:11:28: fatal error: ac_nonexistent.h: No such file or directory
compilation terminated.
configure:7777: $? = 1
configure: failed program was:
| /* confdefs.h */
| #define PACKAGE_NAME "wcfs"
| #define PACKAGE_TARNAME "wcfs"
| #define PACKAGE_VERSION "0.0.1"
| #define PACKAGE_STRING "wcfs 0.0.1"
| #define PACKAGE_BUGREPORT ""
| #define PACKAGE_URL ""
| #define PACKAGE "wcfs"
| #define VERSION "0.0.1"
| /* end confdefs.h.  */
| #include <ac_nonexistent.h>
configure:7802: result: gcc -E
configure:7822: gcc -E  conftest.c
configure:7822: $? = 0
configure:7836: gcc -E  conftest.c
conftest.c:11:28: fatal error: ac_nonexistent.h: No such file or directory
compilation terminated.
configure:7836: $? = 1
configure: failed program was:
| /* confdefs.h */
| #define PACKAGE_NAME "wcfs"
| #define PACKAGE_TARNAME "wcfs"
| #define PACKAGE_VERSION "0.0.1"
| #define PACKAGE_STRING "wcfs 0.0.1"
| #define PACKAGE_BUGREPORT ""
| #define PACKAGE_URL ""
| #define PACKAGE "wcfs"
| #define VERSION "0.0.1"
| /* end confdefs.h.  */
| #include <ac_nonexistent.h>
configure:7865: checking for ANSI C header files
configure:7885: gcc -c -g -O2  conftest.c >&5
configure:7885: $? = 0
configure:7958: gcc -o conftest -g -O2   conftest.c  >&5
configure:7958: $? = 0
configure:7958: ./conftest
configure:7958: $? = 0
configure:7969: result: yes
configure:7982: checking for sys/types.h
configure:7982: gcc -c -g -O2  conftest.c >&5
configure:7982: $? = 0
configure:7982: result: yes
configure:7982: checking for sys/stat.h
configure:7982: gcc -c -g -O2  conftest.c >&5
configure:7982: $? = 0
configure:7982: result: yes
configure:7982: checking for stdlib.h
configure:7982: gcc -c -g -O2  conftest.c >&5
configure:7982: $? = 0
configure:7982: result: yes
configure:7982: checking for string.h
configure:7982: gcc -c -g -O2  conftest.c >&5
configure:7982: $? = 0
configure:7982: result: yes
configure:7982: checking for memory.h
configure:7982: gcc -c -g -O2  conftest.c >&5
configure:7982: $? = 0
configure:7982: result: yes
configure:7982: checking for strings.h
configure:7982: gcc -c -g -O2  conftest.c >&5
configure:7982: $? = 0
configure:7982: result: yes
configure:7982: checking for inttypes.h
configure:7982: gcc -c -g -O2  conftest.c >&5
configure:7982: $? = 0
configure:7982: result: yes
configure:7982: checking for stdint.h
configure:7982: gcc -c -g -O2  conftest.c >&5
configure:7982: $? = 0
configure:7982: result: yes
configure:7982: checking for unistd.h
configure:7982: gcc -c -g -O2  conftest.c >&5
configure:7982: $? = 0
configure:7982: result: yes
configure:7996: checking for dlfcn.h
configure:7996: gcc -c -g -O2  conftest.c >&5
configure:7996: $? = 0
configure:7996: result: yes
configure:8213: checking for objdir
configure:8228: result: .libs
configure:8495: checking if gcc supports -fno-rtti -fno-exceptions
configure:8513: gcc -c -g -O2  -fno-rtti -fno-exceptions conftest.c >&5
cc1: warning: command line option '-fno-rtti' is valid for C++/ObjC++ but not for C [enabled by default]
configure:8517: $? = 0
configure:8530: result: no
configure:8857: checking for gcc option to produce PIC
configure:8864: result: -fPIC -DPIC
configure:8872: checking if gcc PIC flag -fPIC -DPIC works
configure:8890: gcc -c -g -O2  -fPIC -DPIC -DPIC conftest.c >&5
configure:8894: $? = 0
configure:8907: result: yes
configure:8936: checking if gcc static flag -static works
configure:8964: result: yes
configure:8979: checking if gcc supports -c -o file.o
configure:9000: gcc -c -g -O2  -o out/conftest2.o conftest.c >&5
configure:9004: $? = 0
configure:9026: result: yes
configure:9034: checking if gcc supports -c -o file.o
configure:9081: result: yes
configure:9114: checking whether the gcc linker (/usr/bin/ld) supports shared libraries
configure:10271: result: yes
configure:10308: checking whether -lc should be explicitly linked in
configure:10316: gcc -c -g -O2  conftest.c >&5
configure:10319: $? = 0
configure:10334: gcc -shared  -fPIC -DPIC conftest.o  -v -Wl,-soname -Wl,conftest -o conftest 2\>\&1 \| /bin/grep  -lc  \>/dev/null 2\>\&1
configure:10337: $? = 0
configure:10351: result: no
configure:10511: checking dynamic linker characteristics
configure:11011: gcc -o conftest -g -O2   -Wl,-rpath -Wl,/foo conftest.c  >&5
configure:11011: $? = 0
configure:11245: result: GNU/Linux ld.so
configure:11352: checking how to hardcode library paths into programs
configure:11377: result: immediate
configure:11917: checking whether stripping libraries is possible
configure:11922: result: yes
configure:11957: checking if libtool supports shared libraries
configure:11959: result: yes
configure:11962: checking whether to build shared libraries
configure:11983: result: yes
configure:11986: checking whether to build static libraries
configure:11990: result: yes
configure:12013: checking how to run the C++ preprocessor
configure:12040: g++ -E  conftest.cpp
configure:12040: $? = 0
configure:12054: g++ -E  conftest.cpp
conftest.cpp:23:28: fatal error: ac_nonexistent.h: No such file or directory
compilation terminated.
configure:12054: $? = 1
configure: failed program was:
| /* confdefs.h */
| #define PACKAGE_NAME "wcfs"
| #define PACKAGE_TARNAME "wcfs"
| #define PACKAGE_VERSION "0.0.1"
| #define PACKAGE_STRING "wcfs 0.0.1"
| #define PACKAGE_BUGREPORT ""
| #define PACKAGE_URL ""
| #define PACKAGE "wcfs"
| #define VERSION "0.0.1"
| #define STDC_HEADERS 1
| #define HAVE_SYS_TYPES_H 1
| #define HAVE_SYS_STAT_H 1
| #define HAVE_STDLIB_H 1
| #define HAVE_STRING_H 1
| #define HAVE_MEMORY_H 1
| #define HAVE_STRINGS_H 1
| #define HAVE_INTTYPES_H 1
| #define HAVE_STDINT_H 1
| #define HAVE_UNISTD_H 1
| #define HAVE_DLFCN_H 1
| #define LT_OBJDIR ".libs/"
| /* end confdefs.h.  */
| #include <ac_nonexistent.h>
configure:12079: result: g++ -E
configure:12099: g++ -E  conftest.cpp
configure:12099: $? = 0
configure:12113: g++ -E  conftest.cpp
conftest.cpp:23:28: fatal error: ac_nonexistent.h: No such file or directory
compilation terminated.
configure:12113: $? = 1
configure: failed program was:
| /* confdefs.h */
| #define PACKAGE_NAME "wcfs"
| #define PACKAGE_TARNAME "wcfs"
| #define PACKAGE_VERSION "0.0.1"
| #define PACKAGE_STRING "wcfs 0.0.1"
| #define PACKAGE_BUGREPORT ""
| #define PACKAGE_URL ""
| #define PACKAGE "wcfs"
| #define VERSION "0.0.1"
| #define STDC_HEADERS 1
| #define HAVE_SYS_TYPES_H 1
| #define HAVE_SYS_STAT_H 1
| #define HAVE_STDLIB_H 1
| #define HAVE_STRING_H 1
| #define HAVE_MEMORY_H 1
| #define HAVE_STRINGS_H 1
| #define HAVE_INTTYPES_H 1
| #define HAVE_STDINT_H 1
| #define HAVE_UNISTD_H 1
| #define HAVE_DLFCN_H 1
| #define LT_OBJDIR ".libs/"
| /* end confdefs.h.  */
| #include <ac_nonexistent.h>
configure:12282: checking for ld used by g++
configure:12349: result: /usr/bin/ld
configure:12356: checking if the linker (/usr/bin/ld) is GNU ld
configure:12371: result: yes
configure:12426: checking whether the g++ linker (/usr/bin/ld) supports shared libraries
configure:13428: result: yes
configure:13464: g++ -c -g -O2  conftest.cpp >&5
configure:13467: $? = 0
configure:13987: checking for g++ option to produce PIC
configure:13994: result: -fPIC -DPIC
configure:14002: checking if g++ PIC flag -fPIC -DPIC works
configure:14020: g++ -c -g -O2  -fPIC -DPIC -DPIC conftest.cpp >&5
configure:14024: $? = 0
configure:14037: result: yes
configure:14060: checking if g++ static flag -static works
configure:14088: result: yes
configure:14100: checking if g++ supports -c -o file.o
configure:14121: g++ -c -g -O2  -o out/conftest2.o conftest.cpp >&5
configure:14125: $? = 0
configure:14147: result: yes
configure:14152: checking if g++ supports -c -o file.o
configure:14199: result: yes
configure:14229: checking whether the g++ linker (/usr/bin/ld) supports shared libraries
configure:14268: result: yes
configure:14409: checking dynamic linker characteristics
configure:15077: result: GNU/Linux ld.so
configure:15130: checking how to hardcode library paths into programs
configure:15155: result: immediate
configure:15239: checking for pthread_mutex_lock in -lpthread
configure:15264: gcc -o conftest -g -O0 -D_GNU_SOURCE   conftest.c -lpthread   >&5
configure:15264: $? = 0
configure:15273: result: yes
configure:15288: building with SyncAPI support
configure:15305: checking for ANSI C header files
configure:15409: result: yes
configure:15420: checking arpa/inet.h usability
configure:15420: gcc -c -g -O0 -D_GNU_SOURCE  conftest.c >&5
configure:15420: $? = 0
configure:15420: result: yes
configure:15420: checking arpa/inet.h presence
configure:15420: gcc -E  conftest.c
configure:15420: $? = 0
configure:15420: result: yes
configure:15420: checking for arpa/inet.h
configure:15420: result: yes
configure:15420: checking fcntl.h usability
configure:15420: gcc -c -g -O0 -D_GNU_SOURCE  conftest.c >&5
configure:15420: $? = 0
configure:15420: result: yes
configure:15420: checking fcntl.h presence
configure:15420: gcc -E  conftest.c
configure:15420: $? = 0
configure:15420: result: yes
configure:15420: checking for fcntl.h
configure:15420: result: yes
configure:15420: checking netdb.h usability
configure:15420: gcc -c -g -O0 -D_GNU_SOURCE  conftest.c >&5
configure:15420: $? = 0
configure:15420: result: yes
configure:15420: checking netdb.h presence
configure:15420: gcc -E  conftest.c
configure:15420: $? = 0
configure:15420: result: yes
configure:15420: checking for netdb.h
configure:15420: result: yes
configure:15420: checking netinet/in.h usability
configure:15420: gcc -c -g -O0 -D_GNU_SOURCE  conftest.c >&5
configure:15420: $? = 0
configure:15420: result: yes
configure:15420: checking netinet/in.h presence
configure:15420: gcc -E  conftest.c
configure:15420: $? = 0
configure:15420: result: yes
configure:15420: checking for netinet/in.h
configure:15420: result: yes
configure:15420: checking for stdlib.h
configure:15420: result: yes
configure:15420: checking for string.h
configure:15420: result: yes
configure:15420: checking sys/socket.h usability
configure:15420: gcc -c -g -O0 -D_GNU_SOURCE  conftest.c >&5
configure:15420: $? = 0
configure:15420: result: yes
configure:15420: checking sys/socket.h presence
configure:15420: gcc -E  conftest.c
configure:15420: $? = 0
configure:15420: result: yes
configure:15420: checking for sys/socket.h
configure:15420: result: yes
configure:15420: checking sys/time.h usability
configure:15420: gcc -c -g -O0 -D_GNU_SOURCE  conftest.c >&5
configure:15420: $? = 0
configure:15420: result: yes
configure:15420: checking sys/time.h presence
configure:15420: gcc -E  conftest.c
configure:15420: $? = 0
configure:15420: result: yes
configure:15420: checking for sys/time.h
configure:15420: result: yes
configure:15420: checking for unistd.h
configure:15420: result: yes
configure:15420: checking sys/utsname.h usability
configure:15420: gcc -c -g -O0 -D_GNU_SOURCE  conftest.c >&5
configure:15420: $? = 0
configure:15420: result: yes
configure:15420: checking sys/utsname.h presence
configure:15420: gcc -E  conftest.c
configure:15420: $? = 0
configure:15420: result: yes
configure:15420: checking for sys/utsname.h
configure:15420: result: yes
configure:15432: checking for an ANSI C-conforming const
configure:15498: gcc -c -g -O0 -D_GNU_SOURCE  conftest.c >&5
configure:15498: $? = 0
configure:15505: result: yes
configure:15513: checking for inline
configure:15529: gcc -c -g -O0 -D_GNU_SOURCE  conftest.c >&5
configure:15529: $? = 0
configure:15537: result: inline
configure:15555: checking whether time.h and sys/time.h may both be included
configure:15575: gcc -c -g -O0 -D_GNU_SOURCE  conftest.c >&5
configure:15575: $? = 0
configure:15582: result: yes
configure:15590: checking for nfds_t
configure:15590: gcc -c -g -O0 -D_GNU_SOURCE  conftest.c >&5
configure:15590: $? = 0
configure:15590: gcc -c -g -O0 -D_GNU_SOURCE  conftest.c >&5
conftest.c: In function 'main':
conftest.c:40:21: error: expected expression before ')' token
configure:15590: $? = 1
configure: failed program was:
| /* confdefs.h */
| #define PACKAGE_NAME "wcfs"
| #define PACKAGE_TARNAME "wcfs"
| #define PACKAGE_VERSION "0.0.1"
| #define PACKAGE_STRING "wcfs 0.0.1"
| #define PACKAGE_BUGREPORT ""
| #define PACKAGE_URL ""
| #define PACKAGE "wcfs"
| #define VERSION "0.0.1"
| #define STDC_HEADERS 1
| #define HAVE_SYS_TYPES_H 1
| #define HAVE_SYS_STAT_H 1
| #define HAVE_STDLIB_H 1
| #define HAVE_STRING_H 1
| #define HAVE_MEMORY_H 1
| #define HAVE_STRINGS_H 1
| #define HAVE_INTTYPES_H 1
| #define HAVE_STDINT_H 1
| #define HAVE_UNISTD_H 1
| #define HAVE_DLFCN_H 1
| #define LT_OBJDIR ".libs/"
| #define STDC_HEADERS 1
| #define HAVE_ARPA_INET_H 1
| #define HAVE_FCNTL_H 1
| #define HAVE_NETDB_H 1
| #define HAVE_NETINET_IN_H 1
| #define HAVE_STDLIB_H 1
| #define HAVE_STRING_H 1
| #define HAVE_SYS_SOCKET_H 1
| #define HAVE_SYS_TIME_H 1
| #define HAVE_UNISTD_H 1
| #define HAVE_SYS_UTSNAME_H 1
| #define TIME_WITH_SYS_TIME 1
| /* end confdefs.h.  */
| #include <poll.h>
| 
| int
| main ()
| {
| if (sizeof ((nfds_t)))
| 	    return 0;
|   ;
|   return 0;
| }
configure:15590: result: yes
configure:15603: checking whether to enable ipv6
configure:15625: gcc -o conftest -g -O0 -D_GNU_SOURCE   conftest.c  >&5
conftest.c: In function 'main':
conftest.c:42:4: warning: incompatible implicit declaration of built-in function 'exit' [enabled by default]
configure:15625: $? = 0
configure:15625: ./conftest
configure:15625: $? = 0
configure:15626: result: yes
configure:15648: checking for getcwd
configure:15648: gcc -o conftest -g -O0 -D_GNU_SOURCE   conftest.c  >&5
configure:15648: $? = 0
configure:15648: result: yes
configure:15648: checking for gethostbyname
configure:15648: gcc -o conftest -g -O0 -D_GNU_SOURCE   conftest.c  >&5
configure:15648: $? = 0
configure:15648: result: yes
configure:15648: checking for gethostname
configure:15648: gcc -o conftest -g -O0 -D_GNU_SOURCE   conftest.c  >&5
configure:15648: $? = 0
configure:15648: result: yes
configure:15648: checking for getlogin
configure:15648: gcc -o conftest -g -O0 -D_GNU_SOURCE   conftest.c  >&5
configure:15648: $? = 0
configure:15648: result: yes
configure:15648: checking for getpwuid_r
configure:15648: gcc -o conftest -g -O0 -D_GNU_SOURCE   conftest.c  >&5
configure:15648: $? = 0
configure:15648: result: yes
configure:15648: checking for gettimeofday
configure:15648: gcc -o conftest -g -O0 -D_GNU_SOURCE   conftest.c  >&5
configure:15648: $? = 0
configure:15648: result: yes
configure:15648: checking for getuid
configure:15648: gcc -o conftest -g -O0 -D_GNU_SOURCE   conftest.c  >&5
configure:15648: $? = 0
configure:15648: result: yes
configure:15648: checking for memmove
configure:15648: gcc -o conftest -g -O0 -D_GNU_SOURCE   conftest.c  >&5
conftest.c:66:6: warning: conflicting types for built-in function 'memmove' [enabled by default]
configure:15648: $? = 0
configure:15648: result: yes
configure:15648: checking for memset
configure:15648: gcc -o conftest -g -O0 -D_GNU_SOURCE   conftest.c  >&5
conftest.c:67:6: warning: conflicting types for built-in function 'memset' [enabled by default]
configure:15648: $? = 0
configure:15648: result: yes
configure:15648: checking for poll
configure:15648: gcc -o conftest -g -O0 -D_GNU_SOURCE   conftest.c  >&5
configure:15648: $? = 0
configure:15648: result: yes
configure:15648: checking for socket
configure:15648: gcc -o conftest -g -O0 -D_GNU_SOURCE   conftest.c  >&5
configure:15648: $? = 0
configure:15648: result: yes
configure:15648: checking for strchr
configure:15648: gcc -o conftest -g -O0 -D_GNU_SOURCE   conftest.c  >&5
conftest.c:70:6: warning: conflicting types for built-in function 'strchr' [enabled by default]
configure:15648: $? = 0
configure:15648: result: yes
configure:15648: checking for strdup
configure:15648: gcc -o conftest -g -O0 -D_GNU_SOURCE   conftest.c  >&5
conftest.c:71:6: warning: conflicting types for built-in function 'strdup' [enabled by default]
configure:15648: $? = 0
configure:15648: result: yes
configure:15648: checking for strerror
configure:15648: gcc -o conftest -g -O0 -D_GNU_SOURCE   conftest.c  >&5
configure:15648: $? = 0
configure:15648: result: yes
configure:15648: checking for strtol
configure:15648: gcc -o conftest -g -O0 -D_GNU_SOURCE   conftest.c  >&5
configure:15648: $? = 0
configure:15648: result: yes
configure:15802: creating ./config.status

## ---------------------- ##
## Running config.status. ##
## ---------------------- ##

This file was extended by wcfs config.status 0.0.1, which was
generated by GNU Autoconf 2.69.  Invocation command line was

  CONFIG_FILES    = 
  CONFIG_HEADERS  = 
  CONFIG_LINKS    = 
  CONFIG_COMMANDS = 
  $ ./config.status 

on wing-virtual-machine

config.status:1173: creating Makefile
config.status:1173: creating config.h
config.status:1402: executing depfiles commands
config.status:1402: executing libtool commands

## ---------------- ##
## Cache variables. ##
## ---------------- ##

ac_cv_build=i686-pc-linux-gnu
ac_cv_c_compiler_gnu=yes
ac_cv_c_const=yes
ac_cv_c_inline=inline
ac_cv_cxx_compiler_gnu=yes
ac_cv_env_CCC_set=
ac_cv_env_CCC_value=
ac_cv_env_CC_set=
ac_cv_env_CC_value=
ac_cv_env_CFLAGS_set=
ac_cv_env_CFLAGS_value=
ac_cv_env_CPPFLAGS_set=
ac_cv_env_CPPFLAGS_value=
ac_cv_env_CPP_set=
ac_cv_env_CPP_value=
ac_cv_env_CXXCPP_set=
ac_cv_env_CXXCPP_value=
ac_cv_env_CXXFLAGS_set=
ac_cv_env_CXXFLAGS_value=
ac_cv_env_CXX_set=
ac_cv_env_CXX_value=
ac_cv_env_LDFLAGS_set=
ac_cv_env_LDFLAGS_value=
ac_cv_env_LIBS_set=
ac_cv_env_LIBS_value=
ac_cv_env_build_alias_set=
ac_cv_env_build_alias_value=
ac_cv_env_host_alias_set=
ac_cv_env_host_alias_value=
ac_cv_env_target_alias_set=
ac_cv_env_target_alias_value=
ac_cv_func_getcwd=yes
ac_cv_func_gethostbyname=yes
ac_cv_func_gethostname=yes
ac_cv_func_getlogin=yes
ac_cv_func_getpwuid_r=yes
ac_cv_func_gettimeofday=yes
ac_cv_func_getuid=yes
ac_cv_func_memmove=yes
ac_cv_func_memset=yes
ac_cv_func_poll=yes
ac_cv_func_socket=yes
ac_cv_func_strchr=yes
ac_cv_func_strdup=yes
ac_cv_func_strerror=yes
ac_cv_func_strtol=yes
ac_cv_header_arpa_inet_h=yes
ac_cv_header_dlfcn_h=yes
ac_cv_header_fcntl_h=yes
ac_cv_header_inttypes_h=yes
ac_cv_header_memory_h=yes
ac_cv_header_netdb_h=yes
ac_cv_header_netinet_in_h=yes
ac_cv_header_stdc=yes
ac_cv_header_stdint_h=yes
ac_cv_header_stdlib_h=yes
ac_cv_header_string_h=yes
ac_cv_header_strings_h=yes
ac_cv_header_sys_socket_h=yes
ac_cv_header_sys_stat_h=yes
ac_cv_header_sys_time_h=yes
ac_cv_header_sys_types_h=yes
ac_cv_header_sys_utsname_h=yes
ac_cv_header_time=yes
ac_cv_header_unistd_h=yes
ac_cv_host=i686-pc-linux-gnu
ac_cv_lib_pthread_pthread_mutex_lock=yes
ac_cv_objext=o
ac_cv_path_EGREP='/bin/grep -E'
ac_cv_path_FGREP='/bin/grep -F'
ac_cv_path_GREP=/bin/grep
ac_cv_path_SED=/bin/sed
ac_cv_path_install='/usr/bin/install -c'
ac_cv_path_mkdir=/bin/mkdir
ac_cv_prog_AWK=gawk
ac_cv_prog_CPP='gcc -E'
ac_cv_prog_CXXCPP='g++ -E'
ac_cv_prog_ac_ct_AR=ar
ac_cv_prog_ac_ct_CC=gcc
ac_cv_prog_ac_ct_CXX=g++
ac_cv_prog_ac_ct_MANIFEST_TOOL=mt
ac_cv_prog_ac_ct_OBJDUMP=objdump
ac_cv_prog_ac_ct_RANLIB=ranlib
ac_cv_prog_ac_ct_STRIP=strip
ac_cv_prog_cc_c89=
ac_cv_prog_cc_g=yes
ac_cv_prog_cc_gcc_c_o=yes
ac_cv_prog_cxx_g=yes
ac_cv_prog_make_make_set=yes
ac_cv_type_nfds_t=yes
am_cv_CC_dependencies_compiler_type=gcc3
am_cv_CXX_dependencies_compiler_type=gcc3
lt_cv_ar_at_file=@
lt_cv_archive_cmds_need_lc=no
lt_cv_deplibs_check_method=pass_all
lt_cv_file_magic_cmd='$MAGIC_CMD'
lt_cv_file_magic_test_file=
lt_cv_ld_reload_flag=-r
lt_cv_nm_interface='BSD nm'
lt_cv_objdir=.libs
lt_cv_path_LD=/usr/bin/ld
lt_cv_path_LDCXX=/usr/bin/ld
lt_cv_path_NM='/usr/bin/nm -B'
lt_cv_path_mainfest_tool=no
lt_cv_prog_compiler_c_o=yes
lt_cv_prog_compiler_c_o_CXX=yes
lt_cv_prog_compiler_pic='-fPIC -DPIC'
lt_cv_prog_compiler_pic_CXX='-fPIC -DPIC'
lt_cv_prog_compiler_pic_works=yes
lt_cv_prog_compiler_pic_works_CXX=yes
lt_cv_prog_compiler_rtti_exceptions=no
lt_cv_prog_compiler_static_works=yes
lt_cv_prog_compiler_static_works_CXX=yes
lt_cv_prog_gnu_ld=yes
lt_cv_prog_gnu_ldcxx=yes
lt_cv_sharedlib_from_linklib_cmd='printf %s\n'
lt_cv_shlibpath_overrides_runpath=no
lt_cv_sys_global_symbol_pipe='sed -n -e '\''s/^.*[	 ]\([ABCDGIRSTW][ABCDGIRSTW]*\)[	 ][	 ]*\([_A-Za-z][_A-Za-z0-9]*\)$/\1 \2 \2/p'\'' | sed '\''/ __gnu_lto/d'\'''
lt_cv_sys_global_symbol_to_c_name_address='sed -n -e '\''s/^: \([^ ]*\)[ ]*$/  {\"\1\", (void *) 0},/p'\'' -e '\''s/^[ABCDGIRSTW]* \([^ ]*\) \([^ ]*\)$/  {"\2", (void *) \&\2},/p'\'''
lt_cv_sys_global_symbol_to_c_name_address_lib_prefix='sed -n -e '\''s/^: \([^ ]*\)[ ]*$/  {\"\1\", (void *) 0},/p'\'' -e '\''s/^[ABCDGIRSTW]* \([^ ]*\) \(lib[^ ]*\)$/  {"\2", (void *) \&\2},/p'\'' -e '\''s/^[ABCDGIRSTW]* \([^ ]*\) \([^ ]*\)$/  {"lib\2", (void *) \&\2},/p'\'''
lt_cv_sys_global_symbol_to_cdecl='sed -n -e '\''s/^T .* \(.*\)$/extern int \1();/p'\'' -e '\''s/^[ABCDGIRSTW]* .* \(.*\)$/extern char \1;/p'\'''
lt_cv_sys_max_cmd_len=1572864
lt_cv_to_host_file_cmd=func_convert_file_noop
lt_cv_to_tool_file_cmd=func_convert_file_noop

## ----------------- ##
## Output variables. ##
## ----------------- ##

ACLOCAL='${SHELL} /root/Projects/we-0.0.1/wcfs/missing --run aclocal-1.11'
AMDEPBACKSLASH='\'
AMDEP_FALSE='#'
AMDEP_TRUE=''
AMTAR='$${TAR-tar}'
AR='ar'
AUTOCONF='${SHELL} /root/Projects/we-0.0.1/wcfs/missing --run autoconf'
AUTOHEADER='${SHELL} /root/Projects/we-0.0.1/wcfs/missing --run autoheader'
AUTOMAKE='${SHELL} /root/Projects/we-0.0.1/wcfs/missing --run automake-1.11'
AWK='gawk'
CC='gcc'
CCDEPMODE='depmode=gcc3'
CFLAGS='-g -O0 -D_GNU_SOURCE'
CPP='gcc -E'
CPPFLAGS=''
CXX='g++'
CXXCPP='g++ -E'
CXXDEPMODE='depmode=gcc3'
CXXFLAGS='-g -O0'
CYGPATH_W='echo'
DEFS='-DHAVE_CONFIG_H'
DEPDIR='.deps'
DLLTOOL='false'
DSYMUTIL=''
DUMPBIN=''
ECHO_C=''
ECHO_N='-n'
ECHO_T=''
EGREP='/bin/grep -E'
EXEEXT=''
FGREP='/bin/grep -F'
GREP='/bin/grep'
INSTALL_DATA='${INSTALL} -m 644'
INSTALL_PROGRAM='${INSTALL}'
INSTALL_SCRIPT='${INSTALL}'
INSTALL_STRIP_PROGRAM='$(install_sh) -c -s'
LD='/usr/bin/ld'
LDFLAGS=''
LIBOBJS=''
LIBS=''
LIBTOOL='$(SHELL) $(top_builddir)/libtool'
LIPO=''
LN_S='ln -s'
LTLIBOBJS=''
MAINT='#'
MAINTAINER_MODE_FALSE=''
MAINTAINER_MODE_TRUE='#'
MAKEINFO='${SHELL} /root/Projects/we-0.0.1/wcfs/missing --run makeinfo'
MANIFEST_TOOL=':'
MKDIR_P='/bin/mkdir -p'
NM='/usr/bin/nm -B'
NMEDIT=''
OBJDUMP='objdump'
OBJEXT='o'
OTOOL64=''
OTOOL=''
PACKAGE='wcfs'
PACKAGE_BUGREPORT=''
PACKAGE_NAME='wcfs'
PACKAGE_STRING='wcfs 0.0.1'
PACKAGE_TARNAME='wcfs'
PACKAGE_URL=''
PACKAGE_VERSION='0.0.1'
PATH_SEPARATOR=':'
RANLIB='ranlib'
SED='/bin/sed'
SET_MAKE=''
SHELL='/bin/bash'
STRIP='strip'
USEIPV6='-DZOO_IPV6_ENABLED'
VERSION='0.0.1'
WANT_SYNCAPI_FALSE='#'
WANT_SYNCAPI_TRUE=''
ac_ct_AR='ar'
ac_ct_CC='gcc'
ac_ct_CXX='g++'
ac_ct_DUMPBIN=''
am__EXEEXT_FALSE=''
am__EXEEXT_TRUE='#'
am__fastdepCC_FALSE='#'
am__fastdepCC_TRUE=''
am__fastdepCXX_FALSE='#'
am__fastdepCXX_TRUE=''
am__include='include'
am__isrc=''
am__leading_dot='.'
am__nodep='_no'
am__quote=''
am__tar='$${TAR-tar} chof - "$$tardir"'
am__untar='$${TAR-tar} xf -'
bindir='${exec_prefix}/bin'
build='i686-pc-linux-gnu'
build_alias=''
build_cpu='i686'
build_os='linux-gnu'
build_vendor='pc'
datadir='${datarootdir}'
datarootdir='${prefix}/share'
docdir='${datarootdir}/doc/${PACKAGE_TARNAME}'
dvidir='${docdir}'
exec_prefix='${prefix}'
host='i686-pc-linux-gnu'
host_alias=''
host_cpu='i686'
host_os='linux-gnu'
host_vendor='pc'
htmldir='${docdir}'
includedir='${prefix}/include'
infodir='${datarootdir}/info'
install_sh='${SHELL} /root/Projects/we-0.0.1/wcfs/install-sh'
libdir='${exec_prefix}/lib'
libexecdir='${exec_prefix}/libexec'
localedir='${datarootdir}/locale'
localstatedir='${prefix}/var'
mandir='${datarootdir}/man'
mkdir_p='/bin/mkdir -p'
oldincludedir='/usr/include'
pdfdir='${docdir}'
prefix='/usr/local'
program_transform_name='s,x,x,'
psdir='${docdir}'
sbindir='${exec_prefix}/sbin'
sharedstatedir='${prefix}/com'
sysconfdir='${prefix}/etc'
target_alias=''

## ----------- ##
## confdefs.h. ##
## ----------- ##

/* confdefs.h */
#define PACKAGE_NAME "wcfs"
#define PACKAGE_TARNAME "wcfs"
#define PACKAGE_VERSION "0.0.1"
#define PACKAGE_STRING "wcfs 0.0.1"
#define PACKAGE_BUGREPORT ""
#define PACKAGE_URL ""
#define PACKAGE "wcfs"
#define VERSION "0.0.1"
#define STDC_HEADERS 1
#define HAVE_SYS_TYPES_H 1
#define HAVE_SYS_STAT_H 1
#define HAVE_STDLIB_H 1
#define HAVE_STRING_H 1
#define HAVE_MEMORY_H 1
#define HAVE_STRINGS_H 1
#define HAVE_INTTYPES_H 1
#define HAVE_STDINT_H 1
#define HAVE_UNISTD_H 1
#define HAVE_DLFCN_H 1
#define LT_OBJDIR ".libs/"
#define STDC_HEADERS 1
#define HAVE_ARPA_INET_H 1
#define HAVE_FCNTL_H 1
#define HAVE_NETDB_H 1
#define HAVE_NETINET_IN_H 1
#define HAVE_STDLIB_H 1
#define HAVE_STRING_H 1
#define HAVE_SYS_SOCKET_H 1
#define HAVE_SYS_TIME_H 1
#define HAVE_UNISTD_H 1
#define HAVE_SYS_UTSNAME_H 1
#define TIME_WITH_SYS_TIME 1
#define POLL_NFDS_TYPE nfds_t
#define HAVE_GETCWD 1
#define HAVE_GETHOSTBYNAME 1
#define HAVE_GETHOSTNAME 1
#define HAVE_GETLOGIN 1
#define HAVE_GETPWUID_R 1
#define HAVE_GETTIMEOFDAY 1
#define HAVE_GETUID 1
#define HAVE_MEMMOVE 1
#define HAVE_MEMSET 1
#define HAVE_POLL 1
#define HAVE_SOCKET 1
#define HAVE_STRCHR 1
#define HAVE_STRDUP 1
#define HAVE_STRERROR 1
#define HAVE_STRTOL 1

configure: exit 0
